{"name":"TEXT BOX","id":"text-box;text-box","testSteps":[{"number":1,"description":"Example: {name\u003dDavid, mail\u003djd.caraballoo@gmail.com, currentAdress\u003dNecoclí, permanentAdress\u003dSanta Fe de Ant}","duration":15102,"startTime":"2022-07-03T17:08:55.551-05:00[America/Bogota]","exception":{"errorType":"net.thucydides.core.webdriver.exceptions.ElementShouldBeEnabledException","message":"Expected enabled element was not enabled","stackTrace":[{"declaringClass":"co.com.testQA21feb.tasks.TextBox","methodName":"performAs","fileName":"TextBox.java","lineNumber":21},{"declaringClass":"co.com.testQA21feb.stepdefinitions.text.TextStep","methodName":"queDavidAbrePagina","fileName":"TextStep.java","lineNumber":21},{"declaringClass":"cucumber.runner.Runner","methodName":"runPickle","fileName":"Runner.java","lineNumber":80}],"rootCause":{"errorType":"org.openqa.selenium.TimeoutException","message":"Expected condition failed: waiting for By.xpath: (//*[contains(text(),\u0027Demo Site\u0027)])[1] to be enabled (tried for 10 second(s) with 100 milliseconds interval)","stackTrace":[{"declaringClass":"co.com.testQA21feb.tasks.TextBox","methodName":"performAs","fileName":"TextBox.java","lineNumber":21},{"declaringClass":"co.com.testQA21feb.stepdefinitions.text.TextStep","methodName":"queDavidAbrePagina","fileName":"TextStep.java","lineNumber":21},{"declaringClass":"cucumber.runner.Runner","methodName":"runPickle","fileName":"Runner.java","lineNumber":80}],"rootCause":{"errorType":"org.openqa.selenium.NoSuchElementException","message":"no such element: Unable to locate element: {\"method\":\"xpath\",\"selector\":\"(//*[contains(text(),\u0027Demo Site\u0027)])[1]\"}\n  (Session info: chrome\u003d103.0.5060.66)\nFor documentation on this error, please visit: https://www.seleniumhq.org/exceptions/no_such_element.html\nBuild info: version: \u00273.141.59\u0027, revision: \u0027e82be7d358\u0027, time: \u00272018-11-14T08:17:03\u0027\nSystem info: host: \u0027PSLT6411\u0027, ip: \u0027192.168.1.28\u0027, os.name: \u0027Windows 10\u0027, os.arch: \u0027amd64\u0027, os.version: \u002710.0\u0027, java.version: \u00271.8.0_281\u0027\nDriver info: org.openqa.selenium.chrome.ChromeDriver\nCapabilities {acceptInsecureCerts: false, browserName: chrome, browserVersion: 103.0.5060.66, chrome: {chromedriverVersion: 103.0.5060.53 (a1711811edd7..., userDataDir: C:\\Users\\DECARA~1\\AppData\\L...}, goog:chromeOptions: {debuggerAddress: localhost:54219}, javascriptEnabled: true, networkConnectionEnabled: false, pageLoadStrategy: normal, platform: WINDOWS, platformName: WINDOWS, proxy: Proxy(), setWindowRect: true, strictFileInteractability: false, timeouts: {implicit: 0, pageLoad: 300000, script: 30000}, unhandledPromptBehavior: dismiss and notify, webauthn:extension:credBlob: true, webauthn:extension:largeBlob: true, webauthn:virtualAuthenticators: true}\nSession ID: e3257a909c8ab38b5c505f9e7c7bb627\n*** Element info: {Using\u003dxpath, value\u003d(//*[contains(text(),\u0027Demo Site\u0027)])[1]}","stackTrace":[{"declaringClass":"co.com.testQA21feb.tasks.TextBox","methodName":"performAs","fileName":"TextBox.java","lineNumber":21},{"declaringClass":"co.com.testQA21feb.stepdefinitions.text.TextStep","methodName":"queDavidAbrePagina","fileName":"TextStep.java","lineNumber":21},{"declaringClass":"cucumber.runner.Runner","methodName":"runPickle","fileName":"Runner.java","lineNumber":80}]}}},"result":"FAILURE","precondition":false,"level":0,"lineNumber":0,"children":[{"number":2,"description":"Given que el abre pagina ToolsQA","duration":15028,"startTime":"2022-07-03T17:08:55.616-05:00[America/Bogota]","exception":{"errorType":"net.thucydides.core.webdriver.exceptions.ElementShouldBeEnabledException","message":"Expected enabled element was not enabled","stackTrace":[{"declaringClass":"co.com.testQA21feb.tasks.TextBox","methodName":"performAs","fileName":"TextBox.java","lineNumber":21},{"declaringClass":"co.com.testQA21feb.stepdefinitions.text.TextStep","methodName":"queDavidAbrePagina","fileName":"TextStep.java","lineNumber":21},{"declaringClass":"cucumber.runner.Runner","methodName":"runPickle","fileName":"Runner.java","lineNumber":80}],"rootCause":{"errorType":"org.openqa.selenium.TimeoutException","message":"Expected condition failed: waiting for By.xpath: (//*[contains(text(),\u0027Demo Site\u0027)])[1] to be enabled (tried for 10 second(s) with 100 milliseconds interval)","stackTrace":[{"declaringClass":"co.com.testQA21feb.tasks.TextBox","methodName":"performAs","fileName":"TextBox.java","lineNumber":21},{"declaringClass":"co.com.testQA21feb.stepdefinitions.text.TextStep","methodName":"queDavidAbrePagina","fileName":"TextStep.java","lineNumber":21},{"declaringClass":"cucumber.runner.Runner","methodName":"runPickle","fileName":"Runner.java","lineNumber":80}],"rootCause":{"errorType":"org.openqa.selenium.NoSuchElementException","message":"no such element: Unable to locate element: {\"method\":\"xpath\",\"selector\":\"(//*[contains(text(),\u0027Demo Site\u0027)])[1]\"}\n  (Session info: chrome\u003d103.0.5060.66)\nFor documentation on this error, please visit: https://www.seleniumhq.org/exceptions/no_such_element.html\nBuild info: version: \u00273.141.59\u0027, revision: \u0027e82be7d358\u0027, time: \u00272018-11-14T08:17:03\u0027\nSystem info: host: \u0027PSLT6411\u0027, ip: \u0027192.168.1.28\u0027, os.name: \u0027Windows 10\u0027, os.arch: \u0027amd64\u0027, os.version: \u002710.0\u0027, java.version: \u00271.8.0_281\u0027\nDriver info: org.openqa.selenium.chrome.ChromeDriver\nCapabilities {acceptInsecureCerts: false, browserName: chrome, browserVersion: 103.0.5060.66, chrome: {chromedriverVersion: 103.0.5060.53 (a1711811edd7..., userDataDir: C:\\Users\\DECARA~1\\AppData\\L...}, goog:chromeOptions: {debuggerAddress: localhost:54219}, javascriptEnabled: true, networkConnectionEnabled: false, pageLoadStrategy: normal, platform: WINDOWS, platformName: WINDOWS, proxy: Proxy(), setWindowRect: true, strictFileInteractability: false, timeouts: {implicit: 0, pageLoad: 300000, script: 30000}, unhandledPromptBehavior: dismiss and notify, webauthn:extension:credBlob: true, webauthn:extension:largeBlob: true, webauthn:virtualAuthenticators: true}\nSession ID: e3257a909c8ab38b5c505f9e7c7bb627\n*** Element info: {Using\u003dxpath, value\u003d(//*[contains(text(),\u0027Demo Site\u0027)])[1]}","stackTrace":[{"declaringClass":"co.com.testQA21feb.tasks.TextBox","methodName":"performAs","fileName":"TextBox.java","lineNumber":21},{"declaringClass":"co.com.testQA21feb.stepdefinitions.text.TextStep","methodName":"queDavidAbrePagina","fileName":"TextStep.java","lineNumber":21},{"declaringClass":"cucumber.runner.Runner","methodName":"runPickle","fileName":"Runner.java","lineNumber":80}]}}},"result":"FAILURE","precondition":false,"level":1,"lineNumber":0,"children":[{"number":3,"description":"David home page","duration":3642,"startTime":"2022-07-03T17:08:55.983-05:00[America/Bogota]","screenshots":[{"screenshot":"0e7744ff2208d2ac7544105fb148d461da977d9e899f11aa9caad6bd6460c23c.png","timeStamp":1656886139625}],"result":"SUCCESS","precondition":false,"level":2,"lineNumber":0,"children":[{"number":4,"description":"David opens the https://www.toolsqa.com/","duration":3609,"startTime":"2022-07-03T17:08:56-05:00[America/Bogota]","screenshots":[{"screenshot":"0e7744ff2208d2ac7544105fb148d461da977d9e899f11aa9caad6bd6460c23c.png","timeStamp":1656886139609}],"result":"SUCCESS","precondition":false,"level":3,"lineNumber":0}]},{"number":5,"description":"David text box","duration":11000,"startTime":"2022-07-03T17:08:59.632-05:00[America/Bogota]","exception":{"errorType":"net.thucydides.core.webdriver.exceptions.ElementShouldBeEnabledException","message":"Expected enabled element was not enabled","stackTrace":[{"declaringClass":"co.com.testQA21feb.tasks.TextBox","methodName":"performAs","fileName":"TextBox.java","lineNumber":21},{"declaringClass":"co.com.testQA21feb.stepdefinitions.text.TextStep","methodName":"queDavidAbrePagina","fileName":"TextStep.java","lineNumber":21},{"declaringClass":"cucumber.runner.Runner","methodName":"runPickle","fileName":"Runner.java","lineNumber":80}],"rootCause":{"errorType":"org.openqa.selenium.TimeoutException","message":"Expected condition failed: waiting for By.xpath: (//*[contains(text(),\u0027Demo Site\u0027)])[1] to be enabled (tried for 10 second(s) with 100 milliseconds interval)","stackTrace":[{"declaringClass":"co.com.testQA21feb.tasks.TextBox","methodName":"performAs","fileName":"TextBox.java","lineNumber":21},{"declaringClass":"co.com.testQA21feb.stepdefinitions.text.TextStep","methodName":"queDavidAbrePagina","fileName":"TextStep.java","lineNumber":21},{"declaringClass":"cucumber.runner.Runner","methodName":"runPickle","fileName":"Runner.java","lineNumber":80}],"rootCause":{"errorType":"org.openqa.selenium.NoSuchElementException","message":"no such element: Unable to locate element: {\"method\":\"xpath\",\"selector\":\"(//*[contains(text(),\u0027Demo Site\u0027)])[1]\"}\n  (Session info: chrome\u003d103.0.5060.66)\nFor documentation on this error, please visit: https://www.seleniumhq.org/exceptions/no_such_element.html\nBuild info: version: \u00273.141.59\u0027, revision: \u0027e82be7d358\u0027, time: \u00272018-11-14T08:17:03\u0027\nSystem info: host: \u0027PSLT6411\u0027, ip: \u0027192.168.1.28\u0027, os.name: \u0027Windows 10\u0027, os.arch: \u0027amd64\u0027, os.version: \u002710.0\u0027, java.version: \u00271.8.0_281\u0027\nDriver info: org.openqa.selenium.chrome.ChromeDriver\nCapabilities {acceptInsecureCerts: false, browserName: chrome, browserVersion: 103.0.5060.66, chrome: {chromedriverVersion: 103.0.5060.53 (a1711811edd7..., userDataDir: C:\\Users\\DECARA~1\\AppData\\L...}, goog:chromeOptions: {debuggerAddress: localhost:54219}, javascriptEnabled: true, networkConnectionEnabled: false, pageLoadStrategy: normal, platform: WINDOWS, platformName: WINDOWS, proxy: Proxy(), setWindowRect: true, strictFileInteractability: false, timeouts: {implicit: 0, pageLoad: 300000, script: 30000}, unhandledPromptBehavior: dismiss and notify, webauthn:extension:credBlob: true, webauthn:extension:largeBlob: true, webauthn:virtualAuthenticators: true}\nSession ID: e3257a909c8ab38b5c505f9e7c7bb627\n*** Element info: {Using\u003dxpath, value\u003d(//*[contains(text(),\u0027Demo Site\u0027)])[1]}","stackTrace":[{"declaringClass":"co.com.testQA21feb.tasks.TextBox","methodName":"performAs","fileName":"TextBox.java","lineNumber":21},{"declaringClass":"co.com.testQA21feb.stepdefinitions.text.TextStep","methodName":"queDavidAbrePagina","fileName":"TextStep.java","lineNumber":21},{"declaringClass":"cucumber.runner.Runner","methodName":"runPickle","fileName":"Runner.java","lineNumber":80}]}}},"result":"FAILURE","precondition":false,"level":2,"lineNumber":0,"children":[{"number":6,"description":"David clicks on Boton de DEMO SITE","duration":10947,"startTime":"2022-07-03T17:08:59.671-05:00[America/Bogota]","screenshots":[{"screenshot":"7dd99b2b4e176f91c5a6d11f8a613b23033adfe747863abf097523f35ab9af51.png","htmlSource":"pagesource1915427740635565309.html.txt","timeStamp":1656886150613}],"exception":{"errorType":"net.thucydides.core.webdriver.exceptions.ElementShouldBeEnabledException","message":"Expected enabled element was not enabled","stackTrace":[{"declaringClass":"co.com.testQA21feb.tasks.TextBox","methodName":"performAs","fileName":"TextBox.java","lineNumber":21},{"declaringClass":"co.com.testQA21feb.stepdefinitions.text.TextStep","methodName":"queDavidAbrePagina","fileName":"TextStep.java","lineNumber":21},{"declaringClass":"cucumber.runner.Runner","methodName":"runPickle","fileName":"Runner.java","lineNumber":80}],"rootCause":{"errorType":"org.openqa.selenium.TimeoutException","message":"Expected condition failed: waiting for By.xpath: (//*[contains(text(),\u0027Demo Site\u0027)])[1] to be enabled (tried for 10 second(s) with 100 milliseconds interval)","stackTrace":[{"declaringClass":"co.com.testQA21feb.tasks.TextBox","methodName":"performAs","fileName":"TextBox.java","lineNumber":21},{"declaringClass":"co.com.testQA21feb.stepdefinitions.text.TextStep","methodName":"queDavidAbrePagina","fileName":"TextStep.java","lineNumber":21},{"declaringClass":"cucumber.runner.Runner","methodName":"runPickle","fileName":"Runner.java","lineNumber":80}],"rootCause":{"errorType":"org.openqa.selenium.NoSuchElementException","message":"no such element: Unable to locate element: {\"method\":\"xpath\",\"selector\":\"(//*[contains(text(),\u0027Demo Site\u0027)])[1]\"}\n  (Session info: chrome\u003d103.0.5060.66)\nFor documentation on this error, please visit: https://www.seleniumhq.org/exceptions/no_such_element.html\nBuild info: version: \u00273.141.59\u0027, revision: \u0027e82be7d358\u0027, time: \u00272018-11-14T08:17:03\u0027\nSystem info: host: \u0027PSLT6411\u0027, ip: \u0027192.168.1.28\u0027, os.name: \u0027Windows 10\u0027, os.arch: \u0027amd64\u0027, os.version: \u002710.0\u0027, java.version: \u00271.8.0_281\u0027\nDriver info: org.openqa.selenium.chrome.ChromeDriver\nCapabilities {acceptInsecureCerts: false, browserName: chrome, browserVersion: 103.0.5060.66, chrome: {chromedriverVersion: 103.0.5060.53 (a1711811edd7..., userDataDir: C:\\Users\\DECARA~1\\AppData\\L...}, goog:chromeOptions: {debuggerAddress: localhost:54219}, javascriptEnabled: true, networkConnectionEnabled: false, pageLoadStrategy: normal, platform: WINDOWS, platformName: WINDOWS, proxy: Proxy(), setWindowRect: true, strictFileInteractability: false, timeouts: {implicit: 0, pageLoad: 300000, script: 30000}, unhandledPromptBehavior: dismiss and notify, webauthn:extension:credBlob: true, webauthn:extension:largeBlob: true, webauthn:virtualAuthenticators: true}\nSession ID: e3257a909c8ab38b5c505f9e7c7bb627\n*** Element info: {Using\u003dxpath, value\u003d(//*[contains(text(),\u0027Demo Site\u0027)])[1]}","stackTrace":[{"declaringClass":"co.com.testQA21feb.tasks.TextBox","methodName":"performAs","fileName":"TextBox.java","lineNumber":21},{"declaringClass":"co.com.testQA21feb.stepdefinitions.text.TextStep","methodName":"queDavidAbrePagina","fileName":"TextStep.java","lineNumber":21},{"declaringClass":"cucumber.runner.Runner","methodName":"runPickle","fileName":"Runner.java","lineNumber":80}]}}},"result":"FAILURE","precondition":false,"level":3,"lineNumber":0}]}]}]},{"number":7,"description":"When el rellena datos de TEXT BOX\r\n| name | mail | currentAdress | permanentAdress |\r\n| David | jd.caraballoo@gmail.com | Necoclí | Santa Fe de Ant |","duration":3,"startTime":"2022-07-03T17:09:10.661-05:00[America/Bogota]","result":"SKIPPED","precondition":false,"level":0,"lineNumber":0},{"number":8,"description":"Then se vera mensaje de TEXT OK","duration":2,"startTime":"2022-07-03T17:09:10.665-05:00[America/Bogota]","result":"SKIPPED","precondition":false,"level":0,"lineNumber":0}],"userStory":{"id":"text-box","storyName":"Text box","path":"src/test/resources/features/text.feature","narrative":"  Yo como usuario\n  quiero navegar en el menu ELEMENTS\n  para validar xpath","type":"feature"},"featureTag":{"name":"Features/Text box","type":"feature","displayName":"Features/Text box"},"title":"TEXT BOX","tags":[{"name":"Text box","type":"feature","displayName":"Text box"}],"startTime":"2022-07-03T17:08:55.484-05:00[America/Bogota]","duration":15837,"testFailureCause":{"errorType":"net.thucydides.core.webdriver.exceptions.ElementShouldBeEnabledException","message":"Expected enabled element was not enabled","stackTrace":[{"declaringClass":"co.com.testQA21feb.tasks.TextBox","methodName":"performAs","fileName":"TextBox.java","lineNumber":21},{"declaringClass":"co.com.testQA21feb.stepdefinitions.text.TextStep","methodName":"queDavidAbrePagina","fileName":"TextStep.java","lineNumber":21},{"declaringClass":"cucumber.runner.Runner","methodName":"runPickle","fileName":"Runner.java","lineNumber":80}],"rootCause":{"errorType":"org.openqa.selenium.TimeoutException","message":"Expected condition failed: waiting for By.xpath: (//*[contains(text(),\u0027Demo Site\u0027)])[1] to be enabled (tried for 10 second(s) with 100 milliseconds interval)","stackTrace":[{"declaringClass":"co.com.testQA21feb.tasks.TextBox","methodName":"performAs","fileName":"TextBox.java","lineNumber":21},{"declaringClass":"co.com.testQA21feb.stepdefinitions.text.TextStep","methodName":"queDavidAbrePagina","fileName":"TextStep.java","lineNumber":21},{"declaringClass":"cucumber.runner.Runner","methodName":"runPickle","fileName":"Runner.java","lineNumber":80}],"rootCause":{"errorType":"org.openqa.selenium.NoSuchElementException","message":"no such element: Unable to locate element: {\"method\":\"xpath\",\"selector\":\"(//*[contains(text(),\u0027Demo Site\u0027)])[1]\"}\n  (Session info: chrome\u003d103.0.5060.66)\nFor documentation on this error, please visit: https://www.seleniumhq.org/exceptions/no_such_element.html\nBuild info: version: \u00273.141.59\u0027, revision: \u0027e82be7d358\u0027, time: \u00272018-11-14T08:17:03\u0027\nSystem info: host: \u0027PSLT6411\u0027, ip: \u0027192.168.1.28\u0027, os.name: \u0027Windows 10\u0027, os.arch: \u0027amd64\u0027, os.version: \u002710.0\u0027, java.version: \u00271.8.0_281\u0027\nDriver info: org.openqa.selenium.chrome.ChromeDriver\nCapabilities {acceptInsecureCerts: false, browserName: chrome, browserVersion: 103.0.5060.66, chrome: {chromedriverVersion: 103.0.5060.53 (a1711811edd7..., userDataDir: C:\\Users\\DECARA~1\\AppData\\L...}, goog:chromeOptions: {debuggerAddress: localhost:54219}, javascriptEnabled: true, networkConnectionEnabled: false, pageLoadStrategy: normal, platform: WINDOWS, platformName: WINDOWS, proxy: Proxy(), setWindowRect: true, strictFileInteractability: false, timeouts: {implicit: 0, pageLoad: 300000, script: 30000}, unhandledPromptBehavior: dismiss and notify, webauthn:extension:credBlob: true, webauthn:extension:largeBlob: true, webauthn:virtualAuthenticators: true}\nSession ID: e3257a909c8ab38b5c505f9e7c7bb627\n*** Element info: {Using\u003dxpath, value\u003d(//*[contains(text(),\u0027Demo Site\u0027)])[1]}","stackTrace":[{"declaringClass":"co.com.testQA21feb.tasks.TextBox","methodName":"performAs","fileName":"TextBox.java","lineNumber":21},{"declaringClass":"co.com.testQA21feb.stepdefinitions.text.TextStep","methodName":"queDavidAbrePagina","fileName":"TextStep.java","lineNumber":21},{"declaringClass":"cucumber.runner.Runner","methodName":"runPickle","fileName":"Runner.java","lineNumber":80}]}}},"testFailureClassname":"net.thucydides.core.webdriver.exceptions.ElementShouldBeEnabledException","testFailureMessage":"Expected enabled element was not enabled","testFailureSummary":"FAILURE;net.thucydides.core.webdriver.exceptions.ElementShouldBeEnabledException;Expected enabled element was not enabled;TextBox.java","projectKey":"","annotatedResult":"FAILURE","isManualTestingUpToDate":false,"dataTable":{"headers":["name","mail","currentAdress","permanentAdress"],"rows":[{"values":["David","jd.caraballoo@gmail.com","Necoclí","Santa Fe de Ant"],"lineNumber":16,"result":"FAILURE"}],"predefinedRows":true,"scenarioOutline":"Given que el abre pagina ToolsQA\n\rWhen el rellena datos de TEXT BOX\n\rThen se vera mensaje de TEXT OK\n\r","dataSetDescriptors":[{"startRow":0,"rowCount":0,"name":""}],"lineNumbersForEachRow":{"0":16}},"manual":false,"testSource":"Cucumber","actors":[{"name":"David","can":["browse the web"]}],"result":"FAILURE","scenarioOutline":"Given que el abre pagina ToolsQA\r\nWhen el rellena datos de TEXT BOX\r\n|name | mail | currentAdress | permanentAdress|\r\n|\u003cname\u003e | \u003cmail\u003e | \u003ccurrentAdress\u003e | \u003cpermanentAdress\u003e|\r\nThen se vera mensaje de TEXT OK"}